2023-03-15 15:39:19.646  INFO 11348 --- [main] c.e.r.RiskJudegJavaApplication           : Starting RiskJudegJavaApplication using Java 1.8.0_331 on LAPTOP-QVFDFKC9 with PID 11348 (E:\risk-judge\risk_judeg_java\target\classes started by 赵凯阳 in E:\risk-judge\risk_judeg_java)
2023-03-15 15:39:19.664 DEBUG 11348 --- [main] c.e.r.RiskJudegJavaApplication           : Running with Spring Boot v2.7.6, Spring v5.3.24
2023-03-15 15:39:19.666  INFO 11348 --- [main] c.e.r.RiskJudegJavaApplication           : No active profile set, falling back to 1 default profile: "default"
2023-03-15 15:39:20.853  INFO 11348 --- [main] o.s.b.w.embedded.tomcat.TomcatWebServer  : Tomcat initialized with port(s): 8090 (http)
2023-03-15 15:39:20.868  INFO 11348 --- [main] o.apache.catalina.core.StandardService   : Starting service [Tomcat]
2023-03-15 15:39:20.868  INFO 11348 --- [main] org.apache.catalina.core.StandardEngine  : Starting Servlet engine: [Apache Tomcat/9.0.69]
2023-03-15 15:39:21.025  INFO 11348 --- [main] o.a.c.c.C.[Tomcat].[localhost].[/]       : Initializing Spring embedded WebApplicationContext
2023-03-15 15:39:21.025  INFO 11348 --- [main] w.s.c.ServletWebServerApplicationContext : Root WebApplicationContext: initialization completed in 1291 ms
2023-03-15 15:39:21.662  WARN 11348 --- [main] ConfigServletWebServerApplicationContext : Exception encountered during context initialization - cancelling refresh attempt: org.springframework.beans.factory.BeanCreationException: Error creating bean with name 'com.github.pagehelper.autoconfigure.PageHelperAutoConfiguration': Invocation of init method failed; nested exception is org.springframework.beans.factory.BeanCurrentlyInCreationException: Error creating bean with name 'com.github.pagehelper.autoconfigure.PageHelperAutoConfiguration': Requested bean is currently in creation: Is there an unresolvable circular reference?
2023-03-15 15:39:21.662  INFO 11348 --- [main] o.apache.catalina.core.StandardService   : Stopping service [Tomcat]
2023-03-15 15:39:21.662  INFO 11348 --- [main] ConditionEvaluationReportLoggingListener : 

Error starting ApplicationContext. To display the conditions report re-run your application with 'debug' enabled.
2023-03-15 15:39:21.693 ERROR 11348 --- [main] o.s.b.d.LoggingFailureAnalysisReporter   : 

***************************
APPLICATION FAILED TO START
***************************

Description:

The dependencies of some of the beans in the application context form a cycle:

┌──->──┐
|  com.github.pagehelper.autoconfigure.PageHelperAutoConfiguration
└──<-──┘


Action:

Relying upon circular references is discouraged and they are prohibited by default. Update your application to remove the dependency cycle between beans. As a last resort, it may be possible to break the cycle automatically by setting spring.main.allow-circular-references to true.

2023-03-15 15:43:38.214  INFO 23584 --- [main] c.e.r.RiskJudegJavaApplication           : Starting RiskJudegJavaApplication using Java 1.8.0_331 on LAPTOP-QVFDFKC9 with PID 23584 (E:\risk-judge\risk_judeg_java\target\classes started by 赵凯阳 in E:\risk-judge\risk_judeg_java)
2023-03-15 15:43:38.214 DEBUG 23584 --- [main] c.e.r.RiskJudegJavaApplication           : Running with Spring Boot v2.7.6, Spring v5.3.24
2023-03-15 15:43:38.214  INFO 23584 --- [main] c.e.r.RiskJudegJavaApplication           : No active profile set, falling back to 1 default profile: "default"
2023-03-15 15:43:38.819  INFO 23584 --- [main] o.s.b.w.embedded.tomcat.TomcatWebServer  : Tomcat initialized with port(s): 8090 (http)
2023-03-15 15:43:38.819  INFO 23584 --- [main] o.apache.catalina.core.StandardService   : Starting service [Tomcat]
2023-03-15 15:43:38.819  INFO 23584 --- [main] org.apache.catalina.core.StandardEngine  : Starting Servlet engine: [Apache Tomcat/9.0.69]
2023-03-15 15:43:38.913  INFO 23584 --- [main] o.a.c.c.C.[Tomcat].[localhost].[/]       : Initializing Spring embedded WebApplicationContext
2023-03-15 15:43:38.913  INFO 23584 --- [main] w.s.c.ServletWebServerApplicationContext : Root WebApplicationContext: initialization completed in 684 ms
2023-03-15 15:43:39.248  WARN 23584 --- [main] ConfigServletWebServerApplicationContext : Exception encountered during context initialization - cancelling refresh attempt: org.springframework.beans.factory.BeanCreationException: Error creating bean with name 'com.github.pagehelper.autoconfigure.PageHelperAutoConfiguration': Invocation of init method failed; nested exception is org.springframework.beans.factory.BeanCurrentlyInCreationException: Error creating bean with name 'com.github.pagehelper.autoconfigure.PageHelperAutoConfiguration': Requested bean is currently in creation: Is there an unresolvable circular reference?
2023-03-15 15:43:39.248  INFO 23584 --- [main] o.apache.catalina.core.StandardService   : Stopping service [Tomcat]
2023-03-15 15:43:39.264  INFO 23584 --- [main] ConditionEvaluationReportLoggingListener : 

Error starting ApplicationContext. To display the conditions report re-run your application with 'debug' enabled.
2023-03-15 15:43:39.264 ERROR 23584 --- [main] o.s.b.d.LoggingFailureAnalysisReporter   : 

***************************
APPLICATION FAILED TO START
***************************

Description:

The dependencies of some of the beans in the application context form a cycle:

┌──->──┐
|  com.github.pagehelper.autoconfigure.PageHelperAutoConfiguration
└──<-──┘


Action:

Relying upon circular references is discouraged and they are prohibited by default. Update your application to remove the dependency cycle between beans. As a last resort, it may be possible to break the cycle automatically by setting spring.main.allow-circular-references to true.

